d:\ctdlgt_hoanhkiet_2001170086\ctdlgt_hoanhkiet_2001170086\buoi4_stack\debug\vc120.pdb
d:\ctdlgt_hoanhkiet_2001170086\ctdlgt_hoanhkiet_2001170086\buoi4_stack\debug\vc120.idb
d:\ctdlgt_hoanhkiet_2001170086\ctdlgt_hoanhkiet_2001170086\buoi4_stack\debug\stack_doicoso_main.obj
d:\ctdlgt_hoanhkiet_2001170086\ctdlgt_hoanhkiet_2001170086\buoi4_stack\debug\stack_doicoso.obj
d:\ctdlgt_hoanhkiet_2001170086\ctdlgt_hoanhkiet_2001170086\buoi4_stack\debug\stack_kiemtrangoac.obj
d:\ctdlgt_hoanhkiet_2001170086\ctdlgt_hoanhkiet_2001170086\buoi4_stack\debug\stack_kiemtrangoac_main.obj
d:\ctdlgt_hoanhkiet_2001170086\ctdlgt_hoanhkiet_2001170086\buoi4_stack\debug\stack_tinhgiaithua.obj
d:\ctdlgt_hoanhkiet_2001170086\ctdlgt_hoanhkiet_2001170086\buoi4_stack\debug\stack_tinhgiaithua_main.obj
d:\ctdlgt_hoanhkiet_2001170086\ctdlgt_hoanhkiet_2001170086\buoi4_stack\debug\stack_daochuoi_main.obj
d:\ctdlgt_hoanhkiet_2001170086\ctdlgt_hoanhkiet_2001170086\buoi4_stack\debug\stack_daochuoi.obj
d:\ctdlgt_hoanhkiet_2001170086\ctdlgt_hoanhkiet_2001170086\buoi4_stack\debug\stack_thaphanoi.obj
d:\ctdlgt_hoanhkiet_2001170086\ctdlgt_hoanhkiet_2001170086\buoi4_stack\debug\stack_thaphanoi_main.obj
d:\ctdlgt_hoanhkiet_2001170086\ctdlgt_hoanhkiet_2001170086\debug\buoi4_stack.ilk
d:\ctdlgt_hoanhkiet_2001170086\ctdlgt_hoanhkiet_2001170086\debug\buoi4_stack.exe
d:\ctdlgt_hoanhkiet_2001170086\ctdlgt_hoanhkiet_2001170086\debug\buoi4_stack.pdb
d:\ctdlgt_hoanhkiet_2001170086\ctdlgt_hoanhkiet_2001170086\buoi4_stack\debug\buoi4_stack.tlog\cl.command.1.tlog
d:\ctdlgt_hoanhkiet_2001170086\ctdlgt_hoanhkiet_2001170086\buoi4_stack\debug\buoi4_stack.tlog\cl.read.1.tlog
d:\ctdlgt_hoanhkiet_2001170086\ctdlgt_hoanhkiet_2001170086\buoi4_stack\debug\buoi4_stack.tlog\cl.write.1.tlog
d:\ctdlgt_hoanhkiet_2001170086\ctdlgt_hoanhkiet_2001170086\buoi4_stack\debug\buoi4_stack.tlog\link.command.1.tlog
d:\ctdlgt_hoanhkiet_2001170086\ctdlgt_hoanhkiet_2001170086\buoi4_stack\debug\buoi4_stack.tlog\link.read.1.tlog
d:\ctdlgt_hoanhkiet_2001170086\ctdlgt_hoanhkiet_2001170086\buoi4_stack\debug\buoi4_stack.tlog\link.write.1.tlog
