d:\ctdlgt_hoanhkiet_2001170086\ctdlgt_hoanhkiet_2001170086\buoi9_bangbam\debug\vc120.pdb
d:\ctdlgt_hoanhkiet_2001170086\ctdlgt_hoanhkiet_2001170086\buoi9_bangbam\debug\vc120.idb
d:\ctdlgt_hoanhkiet_2001170086\ctdlgt_hoanhkiet_2001170086\buoi9_bangbam\debug\bangbam_songuyen_main.obj
d:\ctdlgt_hoanhkiet_2001170086\ctdlgt_hoanhkiet_2001170086\buoi9_bangbam\debug\bangbam_songuyen.obj
d:\ctdlgt_hoanhkiet_2001170086\ctdlgt_hoanhkiet_2001170086\buoi9_bangbam\debug\bangbamketnoitt_songuyen.obj
d:\ctdlgt_hoanhkiet_2001170086\ctdlgt_hoanhkiet_2001170086\buoi9_bangbam\debug\bangbamketnoitt_songuyen_main.obj
d:\ctdlgt_hoanhkiet_2001170086\ctdlgt_hoanhkiet_2001170086\buoi9_bangbam\debug\bangbamketnoihn_songuyen.obj
d:\ctdlgt_hoanhkiet_2001170086\ctdlgt_hoanhkiet_2001170086\buoi9_bangbam\debug\bangbamketnoihn_songuyen_main.obj
d:\ctdlgt_hoanhkiet_2001170086\ctdlgt_hoanhkiet_2001170086\debug\buoi9_bangbam.ilk
d:\ctdlgt_hoanhkiet_2001170086\ctdlgt_hoanhkiet_2001170086\debug\buoi9_bangbam.exe
d:\ctdlgt_hoanhkiet_2001170086\ctdlgt_hoanhkiet_2001170086\debug\buoi9_bangbam.pdb
d:\ctdlgt_hoanhkiet_2001170086\ctdlgt_hoanhkiet_2001170086\buoi9_bangbam\debug\buoi9_bangbam.tlog\cl.command.1.tlog
d:\ctdlgt_hoanhkiet_2001170086\ctdlgt_hoanhkiet_2001170086\buoi9_bangbam\debug\buoi9_bangbam.tlog\cl.read.1.tlog
d:\ctdlgt_hoanhkiet_2001170086\ctdlgt_hoanhkiet_2001170086\buoi9_bangbam\debug\buoi9_bangbam.tlog\cl.write.1.tlog
d:\ctdlgt_hoanhkiet_2001170086\ctdlgt_hoanhkiet_2001170086\buoi9_bangbam\debug\buoi9_bangbam.tlog\link-cvtres.read.1.tlog
d:\ctdlgt_hoanhkiet_2001170086\ctdlgt_hoanhkiet_2001170086\buoi9_bangbam\debug\buoi9_bangbam.tlog\link-cvtres.write.1.tlog
d:\ctdlgt_hoanhkiet_2001170086\ctdlgt_hoanhkiet_2001170086\buoi9_bangbam\debug\buoi9_bangbam.tlog\link-rc.read.1.tlog
d:\ctdlgt_hoanhkiet_2001170086\ctdlgt_hoanhkiet_2001170086\buoi9_bangbam\debug\buoi9_bangbam.tlog\link-rc.write.1.tlog
d:\ctdlgt_hoanhkiet_2001170086\ctdlgt_hoanhkiet_2001170086\buoi9_bangbam\debug\buoi9_bangbam.tlog\link.14100-cvtres.read.1.tlog
d:\ctdlgt_hoanhkiet_2001170086\ctdlgt_hoanhkiet_2001170086\buoi9_bangbam\debug\buoi9_bangbam.tlog\link.14100-cvtres.write.1.tlog
d:\ctdlgt_hoanhkiet_2001170086\ctdlgt_hoanhkiet_2001170086\buoi9_bangbam\debug\buoi9_bangbam.tlog\link.14100-rc.read.1.tlog
d:\ctdlgt_hoanhkiet_2001170086\ctdlgt_hoanhkiet_2001170086\buoi9_bangbam\debug\buoi9_bangbam.tlog\link.14100-rc.write.1.tlog
d:\ctdlgt_hoanhkiet_2001170086\ctdlgt_hoanhkiet_2001170086\buoi9_bangbam\debug\buoi9_bangbam.tlog\link.14100.read.1.tlog
d:\ctdlgt_hoanhkiet_2001170086\ctdlgt_hoanhkiet_2001170086\buoi9_bangbam\debug\buoi9_bangbam.tlog\link.14100.write.1.tlog
d:\ctdlgt_hoanhkiet_2001170086\ctdlgt_hoanhkiet_2001170086\buoi9_bangbam\debug\buoi9_bangbam.tlog\link.command.1.tlog
d:\ctdlgt_hoanhkiet_2001170086\ctdlgt_hoanhkiet_2001170086\buoi9_bangbam\debug\buoi9_bangbam.tlog\link.read.1.tlog
d:\ctdlgt_hoanhkiet_2001170086\ctdlgt_hoanhkiet_2001170086\buoi9_bangbam\debug\buoi9_bangbam.tlog\link.write.1.tlog
